<?xml version="1.0" encoding="UTF-8"?>
<coverage generated="1708595446163" clover="3.2.0">
  <project timestamp="1708595446163" name="All files">
    <metrics statements="89" coveredstatements="86" conditionals="58" coveredconditionals="52" methods="19" coveredmethods="19" elements="166" coveredelements="157" complexity="0" loc="89" ncloc="89" packages="1" files="1" classes="1"/>
    <file name="models.ts" path="/Users/PI/code/tech-returners/mars-rover/src/models.ts">
      <metrics statements="89" coveredstatements="86" conditionals="58" coveredconditionals="52" methods="19" coveredmethods="19"/>
      <line num="10" count="1" type="stmt"/>
      <line num="32" count="1" type="stmt"/>
      <line num="33" count="32" type="stmt"/>
      <line num="34" count="32" type="stmt"/>
      <line num="35" count="32" type="stmt"/>
      <line num="37" count="32" type="stmt"/>
      <line num="38" count="32" type="cond" truecount="4" falsecount="0"/>
      <line num="39" count="31" type="cond" truecount="0" falsecount="1"/>
      <line num="40" count="31" type="stmt"/>
      <line num="42" count="1" type="stmt"/>
      <line num="46" count="32" type="cond" truecount="4" falsecount="0"/>
      <line num="48" count="11" type="cond" truecount="1" falsecount="0"/>
      <line num="49" count="11" type="stmt"/>
      <line num="50" count="11" type="stmt"/>
      <line num="51" count="11" type="stmt"/>
      <line num="53" count="10" type="stmt"/>
      <line num="55" count="14" type="cond" truecount="1" falsecount="0"/>
      <line num="56" count="14" type="stmt"/>
      <line num="57" count="14" type="stmt"/>
      <line num="58" count="14" type="stmt"/>
      <line num="60" count="14" type="stmt"/>
      <line num="62" count="4" type="cond" truecount="1" falsecount="0"/>
      <line num="63" count="4" type="stmt"/>
      <line num="64" count="4" type="stmt"/>
      <line num="65" count="4" type="stmt"/>
      <line num="67" count="4" type="stmt"/>
      <line num="69" count="3" type="cond" truecount="1" falsecount="0"/>
      <line num="70" count="3" type="stmt"/>
      <line num="71" count="3" type="stmt"/>
      <line num="72" count="3" type="stmt"/>
      <line num="74" count="3" type="stmt"/>
      <line num="77" count="31" type="cond" truecount="3" falsecount="1"/>
      <line num="78" count="31" type="stmt"/>
      <line num="80" count="0" type="stmt"/>
      <line num="84" count="1" type="stmt"/>
      <line num="85" count="13" type="stmt"/>
      <line num="88" count="65" type="stmt"/>
      <line num="90" count="18" type="stmt"/>
      <line num="91" count="18" type="cond" truecount="1" falsecount="0"/>
      <line num="93" count="17" type="stmt"/>
      <line num="95" count="17" type="cond" truecount="1" falsecount="0"/>
      <line num="96" count="2" type="stmt"/>
      <line num="97" count="2" type="stmt"/>
      <line num="98" count="2" type="stmt"/>
      <line num="101" count="15" type="stmt"/>
      <line num="102" count="20" type="cond" truecount="3" falsecount="1"/>
      <line num="103" count="15" type="cond" truecount="1" falsecount="0"/>
      <line num="104" count="15" type="stmt"/>
      <line num="105" count="15" type="stmt"/>
      <line num="110" count="50" type="stmt"/>
      <line num="111" count="692" type="cond" truecount="4" falsecount="0"/>
      <line num="112" count="154" type="cond" truecount="1" falsecount="0"/>
      <line num="113" count="33" type="cond" truecount="3" falsecount="1"/>
      <line num="114" count="33" type="cond" truecount="1" falsecount="0"/>
      <line num="119" count="50" type="stmt"/>
      <line num="121" count="2" type="stmt"/>
      <line num="124" count="25" type="stmt"/>
      <line num="125" count="164" type="cond" truecount="3" falsecount="1"/>
      <line num="126" count="47" type="cond" truecount="1" falsecount="0"/>
      <line num="130" count="32" type="stmt"/>
      <line num="131" count="32" type="cond" truecount="1" falsecount="0"/>
      <line num="132" count="0" type="stmt"/>
      <line num="135" count="13" type="stmt"/>
      <line num="138" count="1" type="stmt"/>
      <line num="139" count="17" type="stmt"/>
      <line num="144" count="32" type="stmt"/>
      <line num="147" count="25" type="stmt"/>
      <line num="148" count="25" type="cond" truecount="1" falsecount="0"/>
      <line num="151" count="25" type="cond" truecount="4" falsecount="0"/>
      <line num="153" count="8" type="cond" truecount="2" falsecount="0"/>
      <line num="154" count="8" type="stmt"/>
      <line num="156" count="7" type="cond" truecount="2" falsecount="0"/>
      <line num="157" count="7" type="stmt"/>
      <line num="159" count="6" type="cond" truecount="2" falsecount="0"/>
      <line num="160" count="6" type="stmt"/>
      <line num="162" count="4" type="cond" truecount="2" falsecount="0"/>
      <line num="163" count="4" type="stmt"/>
      <line num="165" count="25" type="stmt"/>
      <line num="166" count="25" type="cond" truecount="1" falsecount="0"/>
      <line num="169" count="3" type="stmt"/>
      <line num="171" count="3" type="stmt"/>
      <line num="172" count="27" type="cond" truecount="3" falsecount="1"/>
      <line num="175" count="10" type="stmt"/>
      <line num="176" count="10" type="stmt"/>
      <line num="178" count="17" type="stmt"/>
      <line num="179" count="17" type="stmt"/>
      <line num="181" count="0" type="stmt"/>
      <line num="184" count="3" type="stmt"/>
      <line num="187" count="17" type="stmt"/>
    </file>
  </project>
</coverage>
