{"/Users/PI/code/tech-returners/mars-rover/src/models.ts": {"path":"/Users/PI/code/tech-returners/mars-rover/src/models.ts","statementMap":{"0":{"start":{"line":10,"column":13},"end":{"line":10,"column":34}},"1":{"start":{"line":32,"column":18},"end":{"line":82,"column":1}},"2":{"start":{"line":33,"column":24},"end":{"line":33,"column":26}},"3":{"start":{"line":34,"column":24},"end":{"line":34,"column":26}},"4":{"start":{"line":35,"column":2},"end":{"line":35,"column":60}},"5":{"start":{"line":37,"column":23},"end":{"line":44,"column":3}},"6":{"start":{"line":38,"column":4},"end":{"line":43,"column":5}},"7":{"start":{"line":39,"column":6},"end":{"line":39,"column":49}},"8":{"start":{"line":39,"column":28},"end":{"line":39,"column":49}},"9":{"start":{"line":40,"column":6},"end":{"line":40,"column":33}},"10":{"start":{"line":42,"column":6},"end":{"line":42,"column":40}},"11":{"start":{"line":46,"column":2},"end":{"line":75,"column":3}},"12":{"start":{"line":48,"column":6},"end":{"line":52,"column":7}},"13":{"start":{"line":49,"column":8},"end":{"line":49,"column":28}},"14":{"start":{"line":50,"column":8},"end":{"line":50,"column":36}},"15":{"start":{"line":51,"column":8},"end":{"line":51,"column":49}},"16":{"start":{"line":53,"column":6},"end":{"line":53,"column":12}},"17":{"start":{"line":55,"column":6},"end":{"line":59,"column":7}},"18":{"start":{"line":56,"column":8},"end":{"line":56,"column":28}},"19":{"start":{"line":57,"column":8},"end":{"line":57,"column":36}},"20":{"start":{"line":58,"column":8},"end":{"line":58,"column":49}},"21":{"start":{"line":60,"column":6},"end":{"line":60,"column":12}},"22":{"start":{"line":62,"column":6},"end":{"line":66,"column":7}},"23":{"start":{"line":63,"column":8},"end":{"line":63,"column":28}},"24":{"start":{"line":64,"column":8},"end":{"line":64,"column":36}},"25":{"start":{"line":65,"column":8},"end":{"line":65,"column":49}},"26":{"start":{"line":67,"column":6},"end":{"line":67,"column":12}},"27":{"start":{"line":69,"column":6},"end":{"line":73,"column":7}},"28":{"start":{"line":70,"column":8},"end":{"line":70,"column":28}},"29":{"start":{"line":71,"column":8},"end":{"line":71,"column":36}},"30":{"start":{"line":72,"column":8},"end":{"line":72,"column":49}},"31":{"start":{"line":74,"column":6},"end":{"line":74,"column":12}},"32":{"start":{"line":77,"column":2},"end":{"line":81,"column":3}},"33":{"start":{"line":78,"column":4},"end":{"line":78,"column":86}},"34":{"start":{"line":80,"column":4},"end":{"line":80,"column":50}},"35":{"start":{"line":84,"column":29},"end":{"line":136,"column":1}},"36":{"start":{"line":85,"column":27},"end":{"line":134,"column":4}},"37":{"start":{"line":88,"column":17},"end":{"line":88,"column":43}},"38":{"start":{"line":90,"column":45},"end":{"line":90,"column":71}},"39":{"start":{"line":91,"column":6},"end":{"line":91,"column":50}},"40":{"start":{"line":91,"column":20},"end":{"line":91,"column":50}},"41":{"start":{"line":93,"column":27},"end":{"line":93,"column":53}},"42":{"start":{"line":95,"column":6},"end":{"line":99,"column":7}},"43":{"start":{"line":96,"column":8},"end":{"line":96,"column":50}},"44":{"start":{"line":97,"column":8},"end":{"line":97,"column":63}},"45":{"start":{"line":98,"column":8},"end":{"line":98,"column":46}},"46":{"start":{"line":101,"column":6},"end":{"line":107,"column":7}},"47":{"start":{"line":102,"column":33},"end":{"line":102,"column":71}},"48":{"start":{"line":102,"column":58},"end":{"line":102,"column":70}},"49":{"start":{"line":103,"column":8},"end":{"line":106,"column":9}},"50":{"start":{"line":104,"column":10},"end":{"line":104,"column":51}},"51":{"start":{"line":105,"column":10},"end":{"line":105,"column":72}},"52":{"start":{"line":110,"column":6},"end":{"line":116,"column":7}},"53":{"start":{"line":111,"column":31},"end":{"line":111,"column":77}},"54":{"start":{"line":111,"column":56},"end":{"line":111,"column":76}},"55":{"start":{"line":112,"column":8},"end":{"line":115,"column":9}},"56":{"start":{"line":113,"column":51},"end":{"line":113,"column":94}},"57":{"start":{"line":114,"column":10},"end":{"line":114,"column":83}},"58":{"start":{"line":114,"column":25},"end":{"line":114,"column":83}},"59":{"start":{"line":119,"column":39},"end":{"line":119,"column":90}},"60":{"start":{"line":119,"column":76},"end":{"line":119,"column":89}},"61":{"start":{"line":121,"column":6},"end":{"line":121,"column":20}},"62":{"start":{"line":124,"column":6},"end":{"line":127,"column":7}},"63":{"start":{"line":125,"column":33},"end":{"line":125,"column":73}},"64":{"start":{"line":125,"column":58},"end":{"line":125,"column":72}},"65":{"start":{"line":126,"column":8},"end":{"line":126,"column":91}},"66":{"start":{"line":126,"column":27},"end":{"line":126,"column":91}},"67":{"start":{"line":130,"column":45},"end":{"line":130,"column":77}},"68":{"start":{"line":131,"column":6},"end":{"line":131,"column":63}},"69":{"start":{"line":131,"column":20},"end":{"line":131,"column":63}},"70":{"start":{"line":132,"column":6},"end":{"line":132,"column":35}},"71":{"start":{"line":135,"column":2},"end":{"line":135,"column":17}},"72":{"start":{"line":84,"column":13},"end":{"line":84,"column":29}},"73":{"start":{"line":138,"column":20},"end":{"line":188,"column":1}},"74":{"start":{"line":139,"column":23},"end":{"line":186,"column":4}},"75":{"start":{"line":144,"column":6},"end":{"line":144,"column":38}},"76":{"start":{"line":147,"column":45},"end":{"line":147,"column":76}},"77":{"start":{"line":148,"column":6},"end":{"line":148,"column":88}},"78":{"start":{"line":148,"column":20},"end":{"line":148,"column":88}},"79":{"start":{"line":151,"column":6},"end":{"line":164,"column":7}},"80":{"start":{"line":153,"column":10},"end":{"line":153,"column":64}},"81":{"start":{"line":154,"column":10},"end":{"line":154,"column":16}},"82":{"start":{"line":156,"column":10},"end":{"line":156,"column":64}},"83":{"start":{"line":157,"column":10},"end":{"line":157,"column":16}},"84":{"start":{"line":159,"column":10},"end":{"line":159,"column":64}},"85":{"start":{"line":160,"column":10},"end":{"line":160,"column":16}},"86":{"start":{"line":162,"column":10},"end":{"line":162,"column":64}},"87":{"start":{"line":163,"column":10},"end":{"line":163,"column":16}},"88":{"start":{"line":165,"column":45},"end":{"line":165,"column":64}},"89":{"start":{"line":166,"column":6},"end":{"line":166,"column":36}},"90":{"start":{"line":166,"column":20},"end":{"line":166,"column":36}},"91":{"start":{"line":169,"column":29},"end":{"line":169,"column":46}},"92":{"start":{"line":171,"column":6},"end":{"line":183,"column":9}},"93":{"start":{"line":172,"column":8},"end":{"line":182,"column":9}},"94":{"start":{"line":175,"column":12},"end":{"line":175,"column":50}},"95":{"start":{"line":176,"column":12},"end":{"line":176,"column":18}},"96":{"start":{"line":178,"column":12},"end":{"line":178,"column":36}},"97":{"start":{"line":179,"column":12},"end":{"line":179,"column":18}},"98":{"start":{"line":181,"column":12},"end":{"line":181,"column":41}},"99":{"start":{"line":184,"column":6},"end":{"line":184,"column":22}},"100":{"start":{"line":187,"column":2},"end":{"line":187,"column":15}}},"fnMap":{"0":{"name":"(anonymous_0)","decl":{"start":{"line":32,"column":18},"end":{"line":32,"column":19}},"loc":{"start":{"line":32,"column":102},"end":{"line":82,"column":1}}},"1":{"name":"(anonymous_1)","decl":{"start":{"line":37,"column":23},"end":{"line":37,"column":24}},"loc":{"start":{"line":37,"column":48},"end":{"line":44,"column":3}}},"2":{"name":"(anonymous_2)","decl":{"start":{"line":84,"column":29},"end":{"line":84,"column":41}},"loc":{"start":{"line":84,"column":43},"end":{"line":136,"column":1}}},"3":{"name":"(anonymous_3)","decl":{"start":{"line":88,"column":11},"end":{"line":88,"column":14}},"loc":{"start":{"line":88,"column":17},"end":{"line":88,"column":43}}},"4":{"name":"(anonymous_4)","decl":{"start":{"line":89,"column":14},"end":{"line":89,"column":15}},"loc":{"start":{"line":89,"column":89},"end":{"line":108,"column":5}}},"5":{"name":"(anonymous_5)","decl":{"start":{"line":102,"column":48},"end":{"line":102,"column":49}},"loc":{"start":{"line":102,"column":58},"end":{"line":102,"column":70}}},"6":{"name":"(anonymous_6)","decl":{"start":{"line":109,"column":18},"end":{"line":109,"column":19}},"loc":{"start":{"line":109,"column":57},"end":{"line":117,"column":5}}},"7":{"name":"(anonymous_7)","decl":{"start":{"line":111,"column":45},"end":{"line":111,"column":46}},"loc":{"start":{"line":111,"column":56},"end":{"line":111,"column":76}}},"8":{"name":"(anonymous_8)","decl":{"start":{"line":118,"column":15},"end":{"line":118,"column":36}},"loc":{"start":{"line":118,"column":38},"end":{"line":122,"column":5}}},"9":{"name":"(anonymous_9)","decl":{"start":{"line":119,"column":66},"end":{"line":119,"column":67}},"loc":{"start":{"line":119,"column":76},"end":{"line":119,"column":89}}},"10":{"name":"(anonymous_10)","decl":{"start":{"line":123,"column":22},"end":{"line":123,"column":23}},"loc":{"start":{"line":123,"column":61},"end":{"line":128,"column":5}}},"11":{"name":"(anonymous_11)","decl":{"start":{"line":125,"column":48},"end":{"line":125,"column":49}},"loc":{"start":{"line":125,"column":58},"end":{"line":125,"column":72}}},"12":{"name":"(anonymous_12)","decl":{"start":{"line":129,"column":15},"end":{"line":129,"column":16}},"loc":{"start":{"line":129,"column":54},"end":{"line":133,"column":5}}},"13":{"name":"(anonymous_13)","decl":{"start":{"line":138,"column":20},"end":{"line":138,"column":21}},"loc":{"start":{"line":138,"column":62},"end":{"line":188,"column":1}}},"14":{"name":"(anonymous_14)","decl":{"start":{"line":143,"column":10},"end":{"line":143,"column":35}},"loc":{"start":{"line":143,"column":37},"end":{"line":145,"column":5}}},"15":{"name":"(anonymous_15)","decl":{"start":{"line":146,"column":17},"end":{"line":146,"column":42}},"loc":{"start":{"line":146,"column":44},"end":{"line":149,"column":5}}},"16":{"name":"(anonymous_16)","decl":{"start":{"line":150,"column":21},"end":{"line":150,"column":22}},"loc":{"start":{"line":150,"column":80},"end":{"line":167,"column":5}}},"17":{"name":"(anonymous_17)","decl":{"start":{"line":168,"column":19},"end":{"line":168,"column":20}},"loc":{"start":{"line":168,"column":61},"end":{"line":185,"column":5}}},"18":{"name":"(anonymous_18)","decl":{"start":{"line":171,"column":19},"end":{"line":171,"column":20}},"loc":{"start":{"line":171,"column":27},"end":{"line":183,"column":7}}}},"branchMap":{"0":{"loc":{"start":{"line":38,"column":4},"end":{"line":43,"column":5}},"type":"if","locations":[{"start":{"line":38,"column":4},"end":{"line":43,"column":5}},{"start":{"line":41,"column":11},"end":{"line":43,"column":5}}]},"1":{"loc":{"start":{"line":38,"column":8},"end":{"line":38,"column":47}},"type":"binary-expr","locations":[{"start":{"line":38,"column":8},"end":{"line":38,"column":24}},{"start":{"line":38,"column":28},"end":{"line":38,"column":47}}]},"2":{"loc":{"start":{"line":39,"column":6},"end":{"line":39,"column":49}},"type":"if","locations":[{"start":{"line":39,"column":6},"end":{"line":39,"column":49}}]},"3":{"loc":{"start":{"line":46,"column":2},"end":{"line":75,"column":3}},"type":"switch","locations":[{"start":{"line":47,"column":4},"end":{"line":53,"column":12}},{"start":{"line":54,"column":4},"end":{"line":60,"column":12}},{"start":{"line":61,"column":4},"end":{"line":67,"column":12}},{"start":{"line":68,"column":4},"end":{"line":74,"column":12}}]},"4":{"loc":{"start":{"line":48,"column":6},"end":{"line":52,"column":7}},"type":"if","locations":[{"start":{"line":48,"column":6},"end":{"line":52,"column":7}}]},"5":{"loc":{"start":{"line":55,"column":6},"end":{"line":59,"column":7}},"type":"if","locations":[{"start":{"line":55,"column":6},"end":{"line":59,"column":7}}]},"6":{"loc":{"start":{"line":62,"column":6},"end":{"line":66,"column":7}},"type":"if","locations":[{"start":{"line":62,"column":6},"end":{"line":66,"column":7}}]},"7":{"loc":{"start":{"line":69,"column":6},"end":{"line":73,"column":7}},"type":"if","locations":[{"start":{"line":69,"column":6},"end":{"line":73,"column":7}}]},"8":{"loc":{"start":{"line":77,"column":2},"end":{"line":81,"column":3}},"type":"if","locations":[{"start":{"line":77,"column":2},"end":{"line":81,"column":3}},{"start":{"line":79,"column":9},"end":{"line":81,"column":3}}]},"9":{"loc":{"start":{"line":77,"column":6},"end":{"line":77,"column":38}},"type":"binary-expr","locations":[{"start":{"line":77,"column":6},"end":{"line":77,"column":20}},{"start":{"line":77,"column":24},"end":{"line":77,"column":38}}]},"10":{"loc":{"start":{"line":91,"column":6},"end":{"line":91,"column":50}},"type":"if","locations":[{"start":{"line":91,"column":6},"end":{"line":91,"column":50}}]},"11":{"loc":{"start":{"line":95,"column":6},"end":{"line":99,"column":7}},"type":"if","locations":[{"start":{"line":95,"column":6},"end":{"line":99,"column":7}}]},"12":{"loc":{"start":{"line":102,"column":33},"end":{"line":102,"column":71}},"type":"cond-expr","locations":[{"start":{"line":102,"column":36},"end":{"line":102,"column":38}},{"start":{"line":102,"column":33},"end":{"line":102,"column":71}}]},"13":{"loc":{"start":{"line":102,"column":33},"end":{"line":102,"column":38}},"type":"binary-expr","locations":[{"start":{"line":102,"column":33},"end":{"line":102,"column":38}},{"start":{"line":102,"column":33},"end":{"line":102,"column":38}}]},"14":{"loc":{"start":{"line":103,"column":8},"end":{"line":106,"column":9}},"type":"if","locations":[{"start":{"line":103,"column":8},"end":{"line":106,"column":9}}]},"15":{"loc":{"start":{"line":111,"column":56},"end":{"line":111,"column":67}},"type":"cond-expr","locations":[{"start":{"line":111,"column":61},"end":{"line":111,"column":63}},{"start":{"line":111,"column":56},"end":{"line":111,"column":67}}]},"16":{"loc":{"start":{"line":111,"column":56},"end":{"line":111,"column":63}},"type":"binary-expr","locations":[{"start":{"line":111,"column":56},"end":{"line":111,"column":63}},{"start":{"line":111,"column":56},"end":{"line":111,"column":63}}]},"17":{"loc":{"start":{"line":112,"column":8},"end":{"line":115,"column":9}},"type":"if","locations":[{"start":{"line":112,"column":8},"end":{"line":115,"column":9}}]},"18":{"loc":{"start":{"line":113,"column":51},"end":{"line":113,"column":94}},"type":"cond-expr","locations":[{"start":{"line":113,"column":83},"end":{"line":113,"column":85}},{"start":{"line":113,"column":83},"end":{"line":113,"column":94}}]},"19":{"loc":{"start":{"line":113,"column":51},"end":{"line":113,"column":85}},"type":"binary-expr","locations":[{"start":{"line":113,"column":51},"end":{"line":113,"column":85}},{"start":{"line":113,"column":83},"end":{"line":113,"column":85}}]},"20":{"loc":{"start":{"line":114,"column":10},"end":{"line":114,"column":83}},"type":"if","locations":[{"start":{"line":114,"column":10},"end":{"line":114,"column":83}}]},"21":{"loc":{"start":{"line":125,"column":33},"end":{"line":125,"column":73}},"type":"cond-expr","locations":[{"start":{"line":125,"column":36},"end":{"line":125,"column":38}},{"start":{"line":125,"column":33},"end":{"line":125,"column":73}}]},"22":{"loc":{"start":{"line":125,"column":33},"end":{"line":125,"column":38}},"type":"binary-expr","locations":[{"start":{"line":125,"column":33},"end":{"line":125,"column":38}},{"start":{"line":125,"column":33},"end":{"line":125,"column":38}}]},"23":{"loc":{"start":{"line":126,"column":8},"end":{"line":126,"column":91}},"type":"if","locations":[{"start":{"line":126,"column":8},"end":{"line":126,"column":91}}]},"24":{"loc":{"start":{"line":131,"column":6},"end":{"line":131,"column":63}},"type":"if","locations":[{"start":{"line":131,"column":6},"end":{"line":131,"column":63}}]},"25":{"loc":{"start":{"line":148,"column":6},"end":{"line":148,"column":88}},"type":"if","locations":[{"start":{"line":148,"column":6},"end":{"line":148,"column":88}}]},"26":{"loc":{"start":{"line":151,"column":6},"end":{"line":164,"column":7}},"type":"switch","locations":[{"start":{"line":152,"column":8},"end":{"line":154,"column":16}},{"start":{"line":155,"column":8},"end":{"line":157,"column":16}},{"start":{"line":158,"column":8},"end":{"line":160,"column":16}},{"start":{"line":161,"column":8},"end":{"line":163,"column":16}}]},"27":{"loc":{"start":{"line":153,"column":28},"end":{"line":153,"column":63}},"type":"cond-expr","locations":[{"start":{"line":153,"column":54},"end":{"line":153,"column":57}},{"start":{"line":153,"column":60},"end":{"line":153,"column":63}}]},"28":{"loc":{"start":{"line":156,"column":28},"end":{"line":156,"column":63}},"type":"cond-expr","locations":[{"start":{"line":156,"column":54},"end":{"line":156,"column":57}},{"start":{"line":156,"column":60},"end":{"line":156,"column":63}}]},"29":{"loc":{"start":{"line":159,"column":28},"end":{"line":159,"column":63}},"type":"cond-expr","locations":[{"start":{"line":159,"column":54},"end":{"line":159,"column":57}},{"start":{"line":159,"column":60},"end":{"line":159,"column":63}}]},"30":{"loc":{"start":{"line":162,"column":28},"end":{"line":162,"column":63}},"type":"cond-expr","locations":[{"start":{"line":162,"column":54},"end":{"line":162,"column":57}},{"start":{"line":162,"column":60},"end":{"line":162,"column":63}}]},"31":{"loc":{"start":{"line":166,"column":6},"end":{"line":166,"column":36}},"type":"if","locations":[{"start":{"line":166,"column":6},"end":{"line":166,"column":36}}]},"32":{"loc":{"start":{"line":172,"column":8},"end":{"line":182,"column":9}},"type":"switch","locations":[{"start":{"line":173,"column":10},"end":{"line":173,"column":19}},{"start":{"line":174,"column":10},"end":{"line":176,"column":18}},{"start":{"line":177,"column":10},"end":{"line":179,"column":18}},{"start":{"line":180,"column":10},"end":{"line":181,"column":41}}]}},"s":{"0":1,"1":1,"2":32,"3":32,"4":32,"5":32,"6":32,"7":31,"8":0,"9":31,"10":1,"11":32,"12":11,"13":11,"14":11,"15":11,"16":10,"17":14,"18":14,"19":14,"20":14,"21":14,"22":4,"23":4,"24":4,"25":4,"26":4,"27":3,"28":3,"29":3,"30":3,"31":3,"32":31,"33":31,"34":0,"35":1,"36":13,"37":65,"38":18,"39":18,"40":1,"41":17,"42":17,"43":2,"44":2,"45":2,"46":15,"47":15,"48":20,"49":15,"50":15,"51":15,"52":50,"53":154,"54":692,"55":154,"56":33,"57":33,"58":33,"59":2,"60":50,"61":2,"62":25,"63":47,"64":164,"65":47,"66":25,"67":32,"68":32,"69":32,"70":0,"71":13,"72":1,"73":1,"74":17,"75":32,"76":25,"77":25,"78":25,"79":25,"80":8,"81":8,"82":7,"83":7,"84":6,"85":6,"86":4,"87":4,"88":25,"89":25,"90":25,"91":3,"92":3,"93":27,"94":10,"95":10,"96":17,"97":17,"98":0,"99":3,"100":17},"f":{"0":32,"1":32,"2":13,"3":65,"4":18,"5":20,"6":50,"7":692,"8":2,"9":50,"10":25,"11":164,"12":32,"13":17,"14":32,"15":25,"16":25,"17":3,"18":27},"b":{"0":[31,1],"1":[32,32],"2":[0],"3":[11,14,4,3],"4":[11],"5":[14],"6":[4],"7":[3],"8":[31,0],"9":[31,14],"10":[1],"11":[2],"12":[0,15],"13":[15,15],"14":[15],"15":[647,45],"16":[692,45],"17":[33],"18":[0,33],"19":[33,33],"20":[33],"21":[0,47],"22":[47,47],"23":[25],"24":[32],"25":[25],"26":[8,7,6,4],"27":[1,7],"28":[2,5],"29":[2,4],"30":[2,2],"31":[25],"32":[5,10,17,0]}}
}
