TN:
SF:src/models.ts
FN:32,(anonymous_0)
FN:37,(anonymous_1)
FN:84,(anonymous_2)
FN:88,(anonymous_3)
FN:89,(anonymous_4)
FN:102,(anonymous_5)
FN:109,(anonymous_6)
FN:111,(anonymous_7)
FN:118,(anonymous_8)
FN:119,(anonymous_9)
FN:123,(anonymous_10)
FN:125,(anonymous_11)
FN:129,(anonymous_12)
FN:138,(anonymous_13)
FN:143,(anonymous_14)
FN:146,(anonymous_15)
FN:150,(anonymous_16)
FN:168,(anonymous_17)
FN:171,(anonymous_18)
FNF:19
FNH:19
FNDA:32,(anonymous_0)
FNDA:32,(anonymous_1)
FNDA:13,(anonymous_2)
FNDA:65,(anonymous_3)
FNDA:18,(anonymous_4)
FNDA:20,(anonymous_5)
FNDA:50,(anonymous_6)
FNDA:692,(anonymous_7)
FNDA:2,(anonymous_8)
FNDA:50,(anonymous_9)
FNDA:25,(anonymous_10)
FNDA:164,(anonymous_11)
FNDA:32,(anonymous_12)
FNDA:17,(anonymous_13)
FNDA:32,(anonymous_14)
FNDA:25,(anonymous_15)
FNDA:25,(anonymous_16)
FNDA:3,(anonymous_17)
FNDA:27,(anonymous_18)
DA:10,1
DA:32,1
DA:33,32
DA:34,32
DA:35,32
DA:37,32
DA:38,32
DA:39,31
DA:40,31
DA:42,1
DA:46,32
DA:48,11
DA:49,11
DA:50,11
DA:51,11
DA:53,10
DA:55,14
DA:56,14
DA:57,14
DA:58,14
DA:60,14
DA:62,4
DA:63,4
DA:64,4
DA:65,4
DA:67,4
DA:69,3
DA:70,3
DA:71,3
DA:72,3
DA:74,3
DA:77,31
DA:78,31
DA:80,0
DA:84,1
DA:85,13
DA:88,65
DA:90,18
DA:91,18
DA:93,17
DA:95,17
DA:96,2
DA:97,2
DA:98,2
DA:101,15
DA:102,20
DA:103,15
DA:104,15
DA:105,15
DA:110,50
DA:111,692
DA:112,154
DA:113,33
DA:114,33
DA:119,50
DA:121,2
DA:124,25
DA:125,164
DA:126,47
DA:130,32
DA:131,32
DA:132,0
DA:135,13
DA:138,1
DA:139,17
DA:144,32
DA:147,25
DA:148,25
DA:151,25
DA:153,8
DA:154,8
DA:156,7
DA:157,7
DA:159,6
DA:160,6
DA:162,4
DA:163,4
DA:165,25
DA:166,25
DA:169,3
DA:171,3
DA:172,27
DA:175,10
DA:176,10
DA:178,17
DA:179,17
DA:181,0
DA:184,3
DA:187,17
LF:89
LH:86
BRDA:38,0,0,31
BRDA:38,0,1,1
BRDA:38,1,0,32
BRDA:38,1,1,32
BRDA:39,2,0,0
BRDA:46,3,0,11
BRDA:46,3,1,14
BRDA:46,3,2,4
BRDA:46,3,3,3
BRDA:48,4,0,11
BRDA:55,5,0,14
BRDA:62,6,0,4
BRDA:69,7,0,3
BRDA:77,8,0,31
BRDA:77,8,1,0
BRDA:77,9,0,31
BRDA:77,9,1,14
BRDA:91,10,0,1
BRDA:95,11,0,2
BRDA:102,12,0,0
BRDA:102,12,1,15
BRDA:102,13,0,15
BRDA:102,13,1,15
BRDA:103,14,0,15
BRDA:111,15,0,647
BRDA:111,15,1,45
BRDA:111,16,0,692
BRDA:111,16,1,45
BRDA:112,17,0,33
BRDA:113,18,0,0
BRDA:113,18,1,33
BRDA:113,19,0,33
BRDA:113,19,1,33
BRDA:114,20,0,33
BRDA:125,21,0,0
BRDA:125,21,1,47
BRDA:125,22,0,47
BRDA:125,22,1,47
BRDA:126,23,0,25
BRDA:131,24,0,32
BRDA:148,25,0,25
BRDA:151,26,0,8
BRDA:151,26,1,7
BRDA:151,26,2,6
BRDA:151,26,3,4
BRDA:153,27,0,1
BRDA:153,27,1,7
BRDA:156,28,0,2
BRDA:156,28,1,5
BRDA:159,29,0,2
BRDA:159,29,1,4
BRDA:162,30,0,2
BRDA:162,30,1,2
BRDA:166,31,0,25
BRDA:172,32,0,5
BRDA:172,32,1,10
BRDA:172,32,2,17
BRDA:172,32,3,0
BRF:58
BRH:52
end_of_record
